mode: atomic
github.com\mantzas\incata\storage\storage.go:24.52,28.8 2 8
github.com\mantzas\incata\storage\storage.go:32.2,32.64 1 1
github.com\mantzas\incata\storage\storage.go:28.8,30.3 1 7
github.com\mantzas\incata\storage\storage.go:44.81,47.2 2 1
github.com\mantzas\incata\storage\storage.go:50.80,53.2 2 1
github.com\mantzas\incata\storage\storage.go:56.40,59.2 2 1
github.com\mantzas\incata\storage\storage.go:62.87,65.16 2 2
github.com\mantzas\incata\storage\storage.go:69.2,70.16 2 1
github.com\mantzas\incata\storage\storage.go:74.2,74.33 1 0
github.com\mantzas\incata\storage\storage.go:79.2,85.21 2 0
github.com\mantzas\incata\storage\storage.go:65.16,67.3 1 1
github.com\mantzas\incata\storage\storage.go:70.16,72.3 1 1
github.com\mantzas\incata\storage\storage.go:74.33,77.3 2 0
github.com\mantzas\incata\storage\storage.go:89.89,92.16 2 4
github.com\mantzas\incata\storage\storage.go:96.2,102.21 2 3
github.com\mantzas\incata\storage\storage.go:92.16,94.3 1 1
github.com\mantzas\incata\storage\storage.go:105.85,107.16 1 6
github.com\mantzas\incata\storage\storage.go:109.2,111.137 1 3
github.com\mantzas\incata\storage\storage.go:113.2,115.134 1 1
github.com\mantzas\incata\storage\storage.go:117.2,118.71 1 2
