mode: atomic
github.com\mantzas\incata\reader\sql_reader.go:17.80,20.2 1 2
github.com\mantzas\incata\reader\sql_reader.go:23.69,26.16 2 2
github.com\mantzas\incata\reader\sql_reader.go:29.2,33.18 3 1
github.com\mantzas\incata\reader\sql_reader.go:43.2,43.35 1 1
github.com\mantzas\incata\reader\sql_reader.go:47.2,47.20 1 1
github.com\mantzas\incata\reader\sql_reader.go:26.16,28.3 1 1
github.com\mantzas\incata\reader\sql_reader.go:33.18,36.129 2 1
github.com\mantzas\incata\reader\sql_reader.go:40.3,40.34 1 1
github.com\mantzas\incata\reader\sql_reader.go:36.129,38.4 1 0
github.com\mantzas\incata\reader\sql_reader.go:43.35,45.3 1 0
