mode: atomic
github.com\mantzas\incata\marshal\json_marshaller.go:13.42,16.2 1 1005
github.com\mantzas\incata\marshal\json_marshaller.go:19.76,23.16 2 1002
github.com\mantzas\incata\marshal\json_marshaller.go:27.2,27.31 1 1001
github.com\mantzas\incata\marshal\json_marshaller.go:23.16,25.3 1 1
github.com\mantzas\incata\marshal\json_marshaller.go:31.83,35.12 2 3
github.com\mantzas\incata\marshal\json_marshaller.go:39.2,39.61 1 2
github.com\mantzas\incata\marshal\json_marshaller.go:43.2,43.12 1 1
github.com\mantzas\incata\marshal\json_marshaller.go:35.12,37.3 1 1
github.com\mantzas\incata\marshal\json_marshaller.go:39.61,41.3 1 1
