mode: atomic
github.com\mantzas\incata\appender.go:23.42,25.2 1 1002
github.com\mantzas\incata\appender.go:28.44,30.15 1 1002
github.com\mantzas\incata\appender.go:33.2,33.40 1 1001
github.com\mantzas\incata\appender.go:30.15,32.3 1 1
github.com\mantzas\incata\appender.go:37.64,40.2 1 1001
github.com\mantzas\incata\retriever.go:23.43,25.2 1 2
github.com\mantzas\incata\retriever.go:28.46,30.15 1 2
github.com\mantzas\incata\retriever.go:33.2,33.41 1 1
github.com\mantzas\incata\retriever.go:30.15,32.3 1 1
github.com\mantzas\incata\retriever.go:37.85,40.2 1 1
